Flow report for W7Lab
Mon Apr 25 16:10:03 2022
Quartus Prime Version 20.1.0 Build 711 06/05/2020 SJ Lite Edition


---------------------
; Table of Contents ;
---------------------
  1. Legal Notice
  2. Flow Summary
  3. Flow Settings
  4. Flow Non-Default Global Settings
  5. Flow Elapsed Time
  6. Flow OS Summary
  7. Flow Log
  8. Flow Messages
  9. Flow Suppressed Messages



----------------
; Legal Notice ;
----------------
Copyright (C) 2020  Intel Corporation. All rights reserved.
Your use of Intel Corporation's design tools, logic functions 
and other software and tools, and any partner logic 
functions, and any output files from any of the foregoing 
(including device programming or simulation files), and any 
associated documentation or information are expressly subject 
to the terms and conditions of the Intel Program License 
Subscription Agreement, the Intel Quartus Prime License Agreement,
the Intel FPGA IP License Agreement, or other applicable license
agreement, including, without limitation, that your use is for
the sole purpose of programming logic devices manufactured by
Intel and sold by Intel or its authorized distributors.  Please
refer to the applicable agreement for further details, at
https://fpgasoftware.intel.com/eula.



+----------------------------------------------------------------------------------+
; Flow Summary                                                                     ;
+------------------------------------+---------------------------------------------+
; Flow Status                        ; Successful - Mon Apr 25 16:10:03 2022       ;
; Quartus Prime Version              ; 20.1.0 Build 711 06/05/2020 SJ Lite Edition ;
; Revision Name                      ; W7Lab                                       ;
; Top-level Entity Name              ; vending_machine_fsm_de10                    ;
; Family                             ; MAX 10                                      ;
; Device                             ; 10M50DAF484C7G                              ;
; Timing Models                      ; Final                                       ;
; Total logic elements               ; 10,932 / 49,760 ( 22 % )                    ;
;     Total combinational functions  ; 10,931 / 49,760 ( 22 % )                    ;
;     Dedicated logic registers      ; 62 / 49,760 ( < 1 % )                       ;
; Total registers                    ; 62                                          ;
; Total pins                         ; 64 / 360 ( 18 % )                           ;
; Total virtual pins                 ; 0                                           ;
; Total memory bits                  ; 0 / 1,677,312 ( 0 % )                       ;
; Embedded Multiplier 9-bit elements ; 0 / 288 ( 0 % )                             ;
; Total PLLs                         ; 0 / 4 ( 0 % )                               ;
; UFM blocks                         ; 0 / 1 ( 0 % )                               ;
; ADC blocks                         ; 0 / 2 ( 0 % )                               ;
+------------------------------------+---------------------------------------------+


+-----------------------------------------+
; Flow Settings                           ;
+-------------------+---------------------+
; Option            ; Setting             ;
+-------------------+---------------------+
; Start date & time ; 04/25/2022 16:07:25 ;
; Main task         ; Compilation         ;
; Revision Name     ; W7Lab               ;
+-------------------+---------------------+


+--------------------------------------------------------------------------------------------------------------------------------------------------------------+
; Flow Non-Default Global Settings                                                                                                                             ;
+--------------------------------------+----------------------------------------+---------------+--------------------------+-----------------------------------+
; Assignment Name                      ; Value                                  ; Default Value ; Entity Name              ; Section Id                        ;
+--------------------------------------+----------------------------------------+---------------+--------------------------+-----------------------------------+
; COMPILER_SIGNATURE_ID                ; 186421387478.165092084521904           ; --            ; --                       ; --                                ;
; EDA_DESIGN_INSTANCE_NAME             ; NA                                     ; --            ; --                       ; vending_machine_fsm_tb            ;
; EDA_GENERATE_FUNCTIONAL_NETLIST      ; Off                                    ; --            ; --                       ; eda_board_design_timing           ;
; EDA_GENERATE_FUNCTIONAL_NETLIST      ; Off                                    ; --            ; --                       ; eda_board_design_boundary_scan    ;
; EDA_GENERATE_FUNCTIONAL_NETLIST      ; Off                                    ; --            ; --                       ; eda_board_design_signal_integrity ;
; EDA_GENERATE_FUNCTIONAL_NETLIST      ; Off                                    ; --            ; --                       ; eda_board_design_symbol           ;
; EDA_NATIVELINK_SIMULATION_TEST_BENCH ; vending_machine_fsm_tb                 ; --            ; --                       ; eda_simulation                    ;
; EDA_OUTPUT_DATA_FORMAT               ; Vhdl                                   ; --            ; --                       ; eda_simulation                    ;
; EDA_SIMULATION_TOOL                  ; ModelSim-Altera (VHDL)                 ; <None>        ; --                       ; --                                ;
; EDA_TEST_BENCH_ENABLE_STATUS         ; TEST_BENCH_MODE                        ; --            ; --                       ; eda_simulation                    ;
; EDA_TEST_BENCH_FILE                  ; vending_machine_fsm_tb.vhd             ; --            ; --                       ; vending_machine_fsm_tb            ;
; EDA_TEST_BENCH_MODULE_NAME           ; vending_machine_fsm_tb                 ; --            ; --                       ; vending_machine_fsm_tb            ;
; EDA_TEST_BENCH_NAME                  ; vending_machine_fsm_tb                 ; --            ; --                       ; eda_simulation                    ;
; EDA_TEST_BENCH_RUN_SIM_FOR           ; 1500 ns                                ; --            ; --                       ; vending_machine_fsm_tb            ;
; EDA_TIME_SCALE                       ; 1 ps                                   ; --            ; --                       ; eda_simulation                    ;
; MAX_CORE_JUNCTION_TEMP               ; 85                                     ; --            ; --                       ; --                                ;
; MIN_CORE_JUNCTION_TEMP               ; 0                                      ; --            ; --                       ; --                                ;
; PARTITION_COLOR                      ; -- (Not supported for targeted family) ; --            ; vending_machine_fsm_de10 ; Top                               ;
; PARTITION_FITTER_PRESERVATION_LEVEL  ; -- (Not supported for targeted family) ; --            ; vending_machine_fsm_de10 ; Top                               ;
; PARTITION_NETLIST_TYPE               ; -- (Not supported for targeted family) ; --            ; vending_machine_fsm_de10 ; Top                               ;
; POWER_BOARD_THERMAL_MODEL            ; None (CONSERVATIVE)                    ; --            ; --                       ; --                                ;
; POWER_PRESET_COOLING_SOLUTION        ; 23 MM HEAT SINK WITH 200 LFPM AIRFLOW  ; --            ; --                       ; --                                ;
; PROJECT_OUTPUT_DIRECTORY             ; output_files                           ; --            ; --                       ; --                                ;
; TOP_LEVEL_ENTITY                     ; vending_machine_fsm_de10               ; W7Lab         ; --                       ; --                                ;
; VHDL_INPUT_VERSION                   ; VHDL_2008                              ; VHDL_1993     ; --                       ; --                                ;
; VHDL_SHOW_LMF_MAPPING_MESSAGES       ; Off                                    ; --            ; --                       ; --                                ;
+--------------------------------------+----------------------------------------+---------------+--------------------------+-----------------------------------+


+--------------------------------------------------------------------------------------------------------------------------+
; Flow Elapsed Time                                                                                                        ;
+----------------------+--------------+-------------------------+---------------------+------------------------------------+
; Module Name          ; Elapsed Time ; Average Processors Used ; Peak Virtual Memory ; Total CPU Time (on all processors) ;
+----------------------+--------------+-------------------------+---------------------+------------------------------------+
; Analysis & Synthesis ; 00:00:48     ; 1.0                     ; 4929 MB             ; 00:01:10                           ;
; Fitter               ; 00:01:15     ; 1.4                     ; 5731 MB             ; 00:02:23                           ;
; Assembler            ; 00:00:06     ; 1.0                     ; 4715 MB             ; 00:00:06                           ;
; Timing Analyzer      ; 00:00:13     ; 2.1                     ; 4882 MB             ; 00:00:25                           ;
; EDA Netlist Writer   ; 00:00:04     ; 1.0                     ; 4683 MB             ; 00:00:04                           ;
; Total                ; 00:02:26     ; --                      ; --                  ; 00:04:08                           ;
+----------------------+--------------+-------------------------+---------------------+------------------------------------+


+------------------------------------------------------------------------------------+
; Flow OS Summary                                                                    ;
+----------------------+------------------+------------+------------+----------------+
; Module Name          ; Machine Hostname ; OS Name    ; OS Version ; Processor type ;
+----------------------+------------------+------------+------------+----------------+
; Analysis & Synthesis ; MSOE-PF2CFL4H    ; Windows 10 ; 10.0       ; x86_64         ;
; Fitter               ; MSOE-PF2CFL4H    ; Windows 10 ; 10.0       ; x86_64         ;
; Assembler            ; MSOE-PF2CFL4H    ; Windows 10 ; 10.0       ; x86_64         ;
; Timing Analyzer      ; MSOE-PF2CFL4H    ; Windows 10 ; 10.0       ; x86_64         ;
; EDA Netlist Writer   ; MSOE-PF2CFL4H    ; Windows 10 ; 10.0       ; x86_64         ;
+----------------------+------------------+------------+------------+----------------+


------------
; Flow Log ;
------------
quartus_map --read_settings_files=on --write_settings_files=off W7Lab -c W7Lab
quartus_fit --read_settings_files=off --write_settings_files=off W7Lab -c W7Lab
quartus_asm --read_settings_files=off --write_settings_files=off W7Lab -c W7Lab
quartus_sta W7Lab -c W7Lab
quartus_eda --read_settings_files=off --write_settings_files=off W7Lab -c W7Lab



