
**** Build of configuration Debug for project lab05_functions_prog1 ****

"C:\\ti\\ccs1100\\ccs\\utils\\bin\\gmake" -k -j 8 all -O 
 
Building file: "../resistorbands.c"
Invoking: Arm Compiler
"C:/ti/ccs1100/ccs/tools/compiler/ti-cgt-arm_20.2.5.LTS/bin/armcl" -mv7M4 --code_state=16 --float_support=FPv4SPD16 -me --include_path="C:/ti/ccs1100/ccs/ccs_base/arm/include" --include_path="C:/ti/ccs1100/ccs/ccs_base/arm/include/CMSIS" --include_path="C:/ee1910/lab/lab05_functions_prog1" --include_path="C:/ti/ccs1100/ccs/tools/compiler/ti-cgt-arm_20.2.5.LTS/include" --advice:power=all --define=__MSP432P401R__ --define=ccs -g --gcc --diag_warning=225 --diag_wrap=off --display_error_number --abi=eabi --preproc_with_compile --preproc_dependency="resistorbands.d_raw"  "../resistorbands.c"
"../resistorbands.c", line 27: remark #1532-D: (ULP 5.3) Detected printf() operation(s). Recommend moving them to RAM during run time or not using as these are processing/power intensive
"../resistorbands.c", line 46: remark #1532-D: (ULP 5.3) Detected printf() operation(s). Recommend moving them to RAM during run time or not using as these are processing/power intensive
"../resistorbands.c", line 49: remark #1532-D: (ULP 5.3) Detected printf() operation(s). Recommend moving them to RAM during run time or not using as these are processing/power intensive
"../resistorbands.c", line 52: remark #1532-D: (ULP 5.3) Detected printf() operation(s). Recommend moving them to RAM during run time or not using as these are processing/power intensive
"../resistorbands.c", line 53: remark #1532-D: (ULP 5.3) Detected printf() operation(s). Recommend moving them to RAM during run time or not using as these are processing/power intensive
"../resistorbands.c", line 54: remark #2624-D: (ULP 5.4) Detected an assignment to a type with size less than int. To avoid unnecessary sign extension, use int-sized types for local varaibles and convert to smaller types for static storage.
"../resistorbands.c", line 87: remark #1532-D: (ULP 5.3) Detected printf() operation(s). Recommend moving them to RAM during run time or not using as these are processing/power intensive
"../resistorbands.c", line 105: remark #1532-D: (ULP 5.3) Detected printf() operation(s). Recommend moving them to RAM during run time or not using as these are processing/power intensive
"C:/ti/ccs1100/ccs/tools/compiler/ti-cgt-arm_20.2.5.LTS/include/_defs.h", line 334 (col. 37): remark #1531-D: (ULP 5.2) Detected floating point operation(s). Recommend moving them to RAM during run time or not using as these are processing/power intensive
"C:/ti/ccs1100/ccs/tools/compiler/ti-cgt-arm_20.2.5.LTS/include/_defs.h", line 335 (col. 10): remark #1531-D: (ULP 5.2) Detected floating point operation(s). Recommend moving them to RAM during run time or not using as these are processing/power intensive
"C:/ti/ccs1100/ccs/tools/compiler/ti-cgt-arm_20.2.5.LTS/include/_defs.h", line 338 (col. 37): remark #1531-D: (ULP 5.2) Detected floating point operation(s). Recommend moving them to RAM during run time or not using as these are processing/power intensive
"C:/ti/ccs1100/ccs/tools/compiler/ti-cgt-arm_20.2.5.LTS/include/_defs.h", line 339 (col. 10): remark #1531-D: (ULP 5.2) Detected floating point operation(s). Recommend moving them to RAM during run time or not using as these are processing/power intensive
"C:/ti/ccs1100/ccs/tools/compiler/ti-cgt-arm_20.2.5.LTS/include/_defs.h", line 341 (col. 37): remark #1531-D: (ULP 5.2) Detected floating point operation(s). Recommend moving them to RAM during run time or not using as these are processing/power intensive
"C:/ti/ccs1100/ccs/tools/compiler/ti-cgt-arm_20.2.5.LTS/include/_defs.h", line 342 (col. 10): remark #1531-D: (ULP 5.2) Detected floating point operation(s). Recommend moving them to RAM during run time or not using as these are processing/power intensive
"C:/ti/ccs1100/ccs/tools/compiler/ti-cgt-arm_20.2.5.LTS/include/_defs.h", line 343 (col. 10): remark #1531-D: (ULP 5.2) Detected floating point operation(s). Recommend moving them to RAM during run time or not using as these are processing/power intensive
"C:/ti/ccs1100/ccs/tools/compiler/ti-cgt-arm_20.2.5.LTS/include/_defs.h", line 347 (col. 37): remark #1531-D: (ULP 5.2) Detected floating point operation(s). Recommend moving them to RAM during run time or not using as these are processing/power intensive
"C:/ti/ccs1100/ccs/tools/compiler/ti-cgt-arm_20.2.5.LTS/include/_defs.h", line 348 (col. 10): remark #1531-D: (ULP 5.2) Detected floating point operation(s). Recommend moving them to RAM during run time or not using as these are processing/power intensive
"C:/ti/ccs1100/ccs/tools/compiler/ti-cgt-arm_20.2.5.LTS/include/_defs.h", line 349 (col. 10): remark #1531-D: (ULP 5.2) Detected floating point operation(s). Recommend moving them to RAM during run time or not using as these are processing/power intensive
"C:/ti/ccs1100/ccs/tools/compiler/ti-cgt-arm_20.2.5.LTS/include/_defs.h", line 351 (col. 37): remark #1531-D: (ULP 5.2) Detected floating point operation(s). Recommend moving them to RAM during run time or not using as these are processing/power intensive
"C:/ti/ccs1100/ccs/tools/compiler/ti-cgt-arm_20.2.5.LTS/include/_defs.h", line 352 (col. 11): remark #1531-D: (ULP 5.2) Detected floating point operation(s). Recommend moving them to RAM during run time or not using as these are processing/power intensive
"C:/ti/ccs1100/ccs/tools/compiler/ti-cgt-arm_20.2.5.LTS/include/_defs.h", line 353 (col. 11): remark #1531-D: (ULP 5.2) Detected floating point operation(s). Recommend moving them to RAM during run time or not using as these are processing/power intensive
"C:/ti/ccs1100/ccs/tools/compiler/ti-cgt-arm_20.2.5.LTS/include/_defs.h", line 359 (col. 37): remark #1531-D: (ULP 5.2) Detected floating point operation(s). Recommend moving them to RAM during run time or not using as these are processing/power intensive
"C:/ti/ccs1100/ccs/tools/compiler/ti-cgt-arm_20.2.5.LTS/include/_defs.h", line 360 (col. 11): remark #1531-D: (ULP 5.2) Detected floating point operation(s). Recommend moving them to RAM during run time or not using as these are processing/power intensive
"C:/ti/ccs1100/ccs/tools/compiler/ti-cgt-arm_20.2.5.LTS/include/_defs.h", line 361 (col. 11): remark #1531-D: (ULP 5.2) Detected floating point operation(s). Recommend moving them to RAM during run time or not using as these are processing/power intensive
"C:/ti/ccs1100/ccs/tools/compiler/ti-cgt-arm_20.2.5.LTS/include/_defs.h", line 363 (col. 37): remark #1531-D: (ULP 5.2) Detected floating point operation(s). Recommend moving them to RAM during run time or not using as these are processing/power intensive
"C:/ti/ccs1100/ccs/tools/compiler/ti-cgt-arm_20.2.5.LTS/include/_defs.h", line 364 (col. 10): remark #1531-D: (ULP 5.2) Detected floating point operation(s). Recommend moving them to RAM during run time or not using as these are processing/power intensive
"C:/ti/ccs1100/ccs/tools/compiler/ti-cgt-arm_20.2.5.LTS/include/_defs.h", line 367 (col. 37): remark #1531-D: (ULP 5.2) Detected floating point operation(s). Recommend moving them to RAM during run time or not using as these are processing/power intensive
"C:/ti/ccs1100/ccs/tools/compiler/ti-cgt-arm_20.2.5.LTS/include/_defs.h", line 368 (col. 10): remark #1531-D: (ULP 5.2) Detected floating point operation(s). Recommend moving them to RAM during run time or not using as these are processing/power intensive
"C:/ti/ccs1100/ccs/tools/compiler/ti-cgt-arm_20.2.5.LTS/include/_defs.h", line 376 (col. 37): remark #1531-D: (ULP 5.2) Detected floating point operation(s). Recommend moving them to RAM during run time or not using as these are processing/power intensive
"C:/ti/ccs1100/ccs/tools/compiler/ti-cgt-arm_20.2.5.LTS/include/_defs.h", line 377 (col. 10): remark #1531-D: (ULP 5.2) Detected floating point operation(s). Recommend moving them to RAM during run time or not using as these are processing/power intensive
"C:/ti/ccs1100/ccs/tools/compiler/ti-cgt-arm_20.2.5.LTS/include/_defs.h", line 378 (col. 37): remark #1531-D: (ULP 5.2) Detected floating point operation(s). Recommend moving them to RAM during run time or not using as these are processing/power intensive
"C:/ti/ccs1100/ccs/tools/compiler/ti-cgt-arm_20.2.5.LTS/include/_defs.h", line 379 (col. 10): remark #1531-D: (ULP 5.2) Detected floating point operation(s). Recommend moving them to RAM during run time or not using as these are processing/power intensive
"C:/ti/ccs1100/ccs/tools/compiler/ti-cgt-arm_20.2.5.LTS/include/_defs.h", line 413 (col. 37): remark #1531-D: (ULP 5.2) Detected floating point operation(s). Recommend moving them to RAM during run time or not using as these are processing/power intensive
"C:/ti/ccs1100/ccs/tools/compiler/ti-cgt-arm_20.2.5.LTS/include/_defs.h", line 415 (col. 9): remark #1531-D: (ULP 5.2) Detected floating point operation(s). Recommend moving them to RAM during run time or not using as these are processing/power intensive
"C:/ti/ccs1100/ccs/tools/compiler/ti-cgt-arm_20.2.5.LTS/include/_defs.h", line 417 (col. 13): remark #1531-D: (ULP 5.2) Detected floating point operation(s). Recommend moving them to RAM during run time or not using as these are processing/power intensive
"C:/ti/ccs1100/ccs/tools/compiler/ti-cgt-arm_20.2.5.LTS/include/_defs.h", line 421 (col. 9): remark #1531-D: (ULP 5.2) Detected floating point operation(s). Recommend moving them to RAM during run time or not using as these are processing/power intensive
"C:/ti/ccs1100/ccs/tools/compiler/ti-cgt-arm_20.2.5.LTS/include/_defs.h", line 423 (col. 13): remark #1531-D: (ULP 5.2) Detected floating point operation(s). Recommend moving them to RAM during run time or not using as these are processing/power intensive
"C:/ti/ccs1100/ccs/tools/compiler/ti-cgt-arm_20.2.5.LTS/include/_defs.h", line 430 (col. 37): remark #1531-D: (ULP 5.2) Detected floating point operation(s). Recommend moving them to RAM during run time or not using as these are processing/power intensive
"C:/ti/ccs1100/ccs/tools/compiler/ti-cgt-arm_20.2.5.LTS/include/_defs.h", line 432 (col. 9): remark #1531-D: (ULP 5.2) Detected floating point operation(s). Recommend moving them to RAM during run time or not using as these are processing/power intensive
"C:/ti/ccs1100/ccs/tools/compiler/ti-cgt-arm_20.2.5.LTS/include/_defs.h", line 434 (col. 13): remark #1531-D: (ULP 5.2) Detected floating point operation(s). Recommend moving them to RAM during run time or not using as these are processing/power intensive
"C:/ti/ccs1100/ccs/tools/compiler/ti-cgt-arm_20.2.5.LTS/include/_defs.h", line 438 (col. 9): remark #1531-D: (ULP 5.2) Detected floating point operation(s). Recommend moving them to RAM during run time or not using as these are processing/power intensive
"C:/ti/ccs1100/ccs/tools/compiler/ti-cgt-arm_20.2.5.LTS/include/_defs.h", line 440 (col. 13): remark #1531-D: (ULP 5.2) Detected floating point operation(s). Recommend moving them to RAM during run time or not using as these are processing/power intensive
"../resistorbands.c", line 99 (col. 38): remark #1531-D: (ULP 5.2) Detected floating point operation(s). Recommend moving them to RAM during run time or not using as these are processing/power intensive
Finished building: "../resistorbands.c"
 
Building target: "lab05_functions_prog1.out"
Invoking: Arm Linker
"C:/ti/ccs1100/ccs/tools/compiler/ti-cgt-arm_20.2.5.LTS/bin/armcl" -mv7M4 --code_state=16 --float_support=FPv4SPD16 -me --advice:power=all --define=__MSP432P401R__ --define=ccs -g --gcc --diag_warning=225 --diag_wrap=off --display_error_number --abi=eabi -z -m"lab05_functions_prog1.map" --heap_size=1024 --stack_size=512 -i"C:/ti/ccs1100/ccs/ccs_base/arm/include" -i"C:/ti/ccs1100/ccs/tools/compiler/ti-cgt-arm_20.2.5.LTS/lib" -i"C:/ti/ccs1100/ccs/tools/compiler/ti-cgt-arm_20.2.5.LTS/include" --reread_libs --diag_wrap=off --display_error_number --warn_sections --xml_link_info="lab05_functions_prog1_linkInfo.xml" --rom_model -o "lab05_functions_prog1.out" "./resistorbands.obj" "./startup_msp432p401r_ccs.obj" "./system_msp432p401r.obj" "../msp432p401r.cmd"  -llibc.a 
<Linking>
remark #10371-D: (ULP 1.1) Detected no uses of low power mode state changing instructions
remark #10372-D: (ULP 4.1) Detected uninitialized Port 1 in this project. Recommend initializing all unused ports to eliminate wasted current consumption on unused pins.
remark #10372-D: (ULP 4.1) Detected uninitialized Port 2 in this project. Recommend initializing all unused ports to eliminate wasted current consumption on unused pins.
remark #10372-D: (ULP 4.1) Detected uninitialized Port 3 in this project. Recommend initializing all unused ports to eliminate wasted current consumption on unused pins.
remark #10372-D: (ULP 4.1) Detected uninitialized Port 4 in this project. Recommend initializing all unused ports to eliminate wasted current consumption on unused pins.
remark #10372-D: (ULP 4.1) Detected uninitialized Port 5 in this project. Recommend initializing all unused ports to eliminate wasted current consumption on unused pins.
remark #10372-D: (ULP 4.1) Detected uninitialized Port 6 in this project. Recommend initializing all unused ports to eliminate wasted current consumption on unused pins.
remark #10372-D: (ULP 4.1) Detected uninitialized Port 7 in this project. Recommend initializing all unused ports to eliminate wasted current consumption on unused pins.
remark #10372-D: (ULP 4.1) Detected uninitialized Port 8 in this project. Recommend initializing all unused ports to eliminate wasted current consumption on unused pins.
remark #10372-D: (ULP 4.1) Detected uninitialized Port 9 in this project. Recommend initializing all unused ports to eliminate wasted current consumption on unused pins.
remark #10372-D: (ULP 4.1) Detected uninitialized Port 10 in this project. Recommend initializing all unused ports to eliminate wasted current consumption on unused pins.
Finished building target: "lab05_functions_prog1.out"
 

**** Build Finished ****
